TN:
SF:src/controllers/assignmentController.ts
FN:37,createAssignmentHandler
FN:52,listAssignmentsHandler
FN:70,getAssignmentHandler
FN:81,updateAssignmentHandler
FN:100,deleteAssignmentHandler
FNF:5
FNH:1
FNDA:5,createAssignmentHandler
FNDA:0,listAssignmentsHandler
FNDA:0,getAssignmentHandler
FNDA:0,updateAssignmentHandler
FNDA:0,deleteAssignmentHandler
DA:2,3
DA:3,3
DA:5,3
DA:6,3
DA:10,3
DA:12,3
DA:22,3
DA:31,3
DA:37,3
DA:38,5
DA:39,5
DA:40,0
DA:42,5
DA:43,5
DA:44,5
DA:45,5
DA:47,0
DA:48,0
DA:52,3
DA:53,0
DA:54,0
DA:55,0
DA:57,0
DA:58,0
DA:59,0
DA:63,0
DA:65,0
DA:66,0
DA:70,3
DA:71,0
DA:72,0
DA:73,0
DA:74,0
DA:76,0
DA:77,0
DA:81,3
DA:82,0
DA:83,0
DA:84,0
DA:86,0
DA:87,0
DA:88,0
DA:93,0
DA:95,0
DA:96,0
DA:100,3
DA:101,0
DA:102,0
DA:103,0
DA:104,0
DA:106,0
DA:107,0
LF:52
LH:19
BRDA:39,0,0,0
BRDA:54,1,0,0
BRDA:83,2,0,0
BRF:3
BRH:0
end_of_record
TN:
SF:src/controllers/authController.ts
FN:28,safeUser
FN:46,registerHandler
FN:68,loginHandler
FN:89,refreshHandler
FN:106,logoutHandler
FNF:5
FNH:4
FNDA:10,safeUser
FNDA:7,registerHandler
FNDA:5,loginHandler
FNDA:1,refreshHandler
FNDA:0,logoutHandler
DA:2,3
DA:3,3
DA:7,3
DA:13,3
DA:18,3
DA:22,3
DA:35,10
DA:46,3
DA:47,7
DA:48,7
DA:49,0
DA:52,7
DA:53,7
DA:59,6
DA:63,1
DA:64,1
DA:68,3
DA:69,5
DA:70,5
DA:71,0
DA:74,5
DA:75,5
DA:80,4
DA:84,1
DA:85,1
DA:89,3
DA:90,1
DA:91,1
DA:92,0
DA:95,1
DA:96,1
DA:99,1
DA:101,0
DA:102,0
DA:106,3
DA:107,0
DA:108,0
DA:109,0
DA:112,0
DA:113,0
LF:40
LH:30
BRDA:48,0,0,0
BRDA:64,1,0,1
BRDA:64,1,1,0
BRDA:70,2,0,0
BRDA:85,3,0,1
BRDA:85,3,1,0
BRDA:91,4,0,0
BRDA:102,5,0,0
BRDA:102,5,1,0
BRDA:108,6,0,0
BRF:10
BRH:2
end_of_record
TN:
SF:src/controllers/courseController.ts
FN:48,createCourseHandler
FN:63,listCoursesHandler
FN:78,getCourseHandler
FN:89,updateCourseHandler
FN:108,deleteCourseHandler
FNF:5
FNH:1
FNDA:2,createCourseHandler
FNDA:0,listCoursesHandler
FNDA:0,getCourseHandler
FNDA:0,updateCourseHandler
FNDA:0,deleteCourseHandler
DA:2,3
DA:3,3
DA:5,3
DA:6,3
DA:10,3
DA:12,3
DA:27,3
DA:42,3
DA:48,3
DA:49,2
DA:50,2
DA:51,0
DA:53,2
DA:54,2
DA:55,2
DA:56,2
DA:58,0
DA:59,0
DA:63,3
DA:64,0
DA:65,0
DA:66,0
DA:68,0
DA:69,0
DA:70,0
DA:71,0
DA:73,0
DA:74,0
DA:78,3
DA:79,0
DA:80,0
DA:81,0
DA:82,0
DA:84,0
DA:85,0
DA:89,3
DA:90,0
DA:91,0
DA:92,0
DA:94,0
DA:95,0
DA:96,0
DA:101,0
DA:103,0
DA:104,0
DA:108,3
DA:109,0
DA:110,0
DA:111,0
DA:112,0
DA:114,0
DA:115,0
LF:52
LH:19
BRDA:50,0,0,0
BRDA:65,1,0,0
BRDA:91,2,0,0
BRF:3
BRH:0
end_of_record
TN:
SF:src/controllers/eventController.ts
FN:27,(anonymous_9)
FN:48,(anonymous_10)
FN:51,(anonymous_11)
FN:64,createEventHandler
FN:79,listEventsHandler
FN:94,getEventHandler
FN:105,updateEventHandler
FN:124,deleteEventHandler
FNF:8
FNH:0
FNDA:0,(anonymous_9)
FNDA:0,(anonymous_10)
FNDA:0,(anonymous_11)
FNDA:0,createEventHandler
FNDA:0,listEventsHandler
FNDA:0,getEventHandler
FNDA:0,updateEventHandler
FNDA:0,deleteEventHandler
DA:2,3
DA:3,3
DA:5,3
DA:6,3
DA:10,3
DA:11,3
DA:16,3
DA:27,0
DA:32,3
DA:48,0
DA:51,0
DA:55,3
DA:64,3
DA:65,0
DA:66,0
DA:67,0
DA:69,0
DA:70,0
DA:71,0
DA:72,0
DA:74,0
DA:75,0
DA:79,3
DA:80,0
DA:81,0
DA:82,0
DA:84,0
DA:85,0
DA:86,0
DA:87,0
DA:89,0
DA:90,0
DA:94,3
DA:95,0
DA:96,0
DA:97,0
DA:98,0
DA:100,0
DA:101,0
DA:105,3
DA:106,0
DA:107,0
DA:108,0
DA:110,0
DA:111,0
DA:112,0
DA:117,0
DA:119,0
DA:120,0
DA:124,3
DA:125,0
DA:126,0
DA:127,0
DA:128,0
DA:130,0
DA:131,0
LF:56
LH:14
BRDA:48,0,0,0
BRDA:48,0,1,0
BRDA:48,0,2,0
BRDA:66,1,0,0
BRDA:81,2,0,0
BRDA:107,3,0,0
BRF:6
BRH:0
end_of_record
TN:
SF:src/controllers/gradeController.ts
FN:23,(anonymous_9)
FN:33,createGradeHandler
FN:48,listGradesHandler
FN:63,updateGradeHandler
FN:78,deleteGradeHandler
FN:89,getCourseGpaHandler
FNF:6
FNH:2
FNDA:0,(anonymous_9)
FNDA:4,createGradeHandler
FNDA:0,listGradesHandler
FNDA:0,updateGradeHandler
FNDA:0,deleteGradeHandler
FNDA:1,getCourseGpaHandler
DA:2,3
DA:3,3
DA:5,3
DA:6,3
DA:10,3
DA:17,3
DA:23,0
DA:27,3
DA:33,3
DA:34,4
DA:35,4
DA:36,0
DA:38,4
DA:39,4
DA:40,4
DA:41,3
DA:43,1
DA:44,1
DA:48,3
DA:49,0
DA:50,0
DA:51,0
DA:53,0
DA:54,0
DA:55,0
DA:56,0
DA:58,0
DA:59,0
DA:63,3
DA:64,0
DA:65,0
DA:66,0
DA:68,0
DA:69,0
DA:70,0
DA:71,0
DA:73,0
DA:74,0
DA:78,3
DA:79,0
DA:80,0
DA:81,0
DA:82,0
DA:84,0
DA:85,0
DA:89,3
DA:90,1
DA:91,1
DA:92,1
DA:93,1
DA:95,0
DA:96,0
LF:52
LH:24
BRDA:35,0,0,0
BRDA:50,1,0,0
BRDA:65,2,0,0
BRF:3
BRH:0
end_of_record
TN:
SF:src/controllers/noteController.ts
FN:23,(anonymous_9)
FN:33,(anonymous_10)
FN:33,(anonymous_11)
FN:39,createNoteHandler
FN:54,listNotesHandler
FN:69,getNoteHandler
FN:80,updateNoteHandler
FN:95,deleteNoteHandler
FNF:8
FNH:0
FNDA:0,(anonymous_9)
FNDA:0,(anonymous_10)
FNDA:0,(anonymous_11)
FNDA:0,createNoteHandler
FNDA:0,listNotesHandler
FNDA:0,getNoteHandler
FNDA:0,updateNoteHandler
FNDA:0,deleteNoteHandler
DA:2,3
DA:3,3
DA:5,3
DA:6,3
DA:10,3
DA:17,3
DA:23,0
DA:27,3
DA:33,0
DA:39,3
DA:40,0
DA:41,0
DA:42,0
DA:44,0
DA:45,0
DA:46,0
DA:47,0
DA:49,0
DA:50,0
DA:54,3
DA:55,0
DA:56,0
DA:57,0
DA:59,0
DA:60,0
DA:61,0
DA:62,0
DA:64,0
DA:65,0
DA:69,3
DA:70,0
DA:71,0
DA:72,0
DA:73,0
DA:75,0
DA:76,0
DA:80,3
DA:81,0
DA:82,0
DA:83,0
DA:85,0
DA:86,0
DA:87,0
DA:88,0
DA:90,0
DA:91,0
DA:95,3
DA:96,0
DA:97,0
DA:98,0
DA:99,0
DA:101,0
DA:102,0
LF:53
LH:12
BRDA:33,0,0,0
BRDA:33,0,1,0
BRDA:41,1,0,0
BRDA:56,2,0,0
BRDA:82,3,0,0
BRF:5
BRH:0
end_of_record
TN:
SF:src/controllers/searchController.ts
FN:6,searchHandler
FNF:1
FNH:0
FNDA:0,searchHandler
DA:3,3
DA:4,3
DA:6,3
DA:7,0
DA:8,0
DA:9,0
DA:11,0
DA:12,0
DA:14,0
DA:15,0
LF:10
LH:3
BRDA:8,0,0,0
BRDA:8,0,1,0
BRDA:9,1,0,0
BRF:3
BRH:0
end_of_record
TN:
SF:src/controllers/semesterController.ts
FN:14,(anonymous_9)
FN:24,(anonymous_10)
FN:30,createSemesterHandler
FN:45,listSemestersHandler
FN:56,getSemesterHandler
FN:67,updateSemesterHandler
FN:86,deleteSemesterHandler
FNF:7
FNH:6
FNDA:6,(anonymous_9)
FNDA:1,(anonymous_10)
FNDA:6,createSemesterHandler
FNDA:4,listSemestersHandler
FNDA:0,getSemesterHandler
FNDA:1,updateSemesterHandler
FNDA:1,deleteSemesterHandler
DA:2,3
DA:3,3
DA:5,3
DA:6,3
DA:10,3
DA:14,6
DA:19,3
DA:24,1
DA:30,3
DA:31,6
DA:32,6
DA:33,0
DA:35,6
DA:36,6
DA:37,6
DA:38,6
DA:40,0
DA:41,0
DA:45,3
DA:46,4
DA:47,4
DA:48,4
DA:49,4
DA:51,0
DA:52,0
DA:56,3
DA:57,0
DA:58,0
DA:59,0
DA:60,0
DA:62,0
DA:63,0
DA:67,3
DA:68,1
DA:69,1
DA:70,0
DA:72,1
DA:73,1
DA:74,1
DA:79,1
DA:81,0
DA:82,0
DA:86,3
DA:87,1
DA:88,1
DA:89,1
DA:90,1
DA:92,0
DA:93,0
LF:49
LH:33
BRDA:24,0,0,1
BRDA:24,0,1,0
BRDA:24,0,2,0
BRDA:32,1,0,0
BRDA:69,2,0,0
BRF:5
BRH:1
end_of_record
TN:
SF:src/controllers/taskController.ts
FN:31,(anonymous_9)
FN:41,(anonymous_10)
FN:48,createTaskHandler
FN:63,listTasksHandler
FN:78,getTaskHandler
FN:89,updateTaskHandler
FN:104,deleteTaskHandler
FNF:7
FNH:0
FNDA:0,(anonymous_9)
FNDA:0,(anonymous_10)
FNDA:0,createTaskHandler
FNDA:0,listTasksHandler
FNDA:0,getTaskHandler
FNDA:0,updateTaskHandler
FNDA:0,deleteTaskHandler
DA:2,3
DA:3,3
DA:5,3
DA:6,3
DA:10,3
DA:12,3
DA:21,3
DA:31,0
DA:35,3
DA:41,0
DA:48,3
DA:49,0
DA:50,0
DA:51,0
DA:53,0
DA:54,0
DA:55,0
DA:56,0
DA:58,0
DA:59,0
DA:63,3
DA:64,0
DA:65,0
DA:66,0
DA:68,0
DA:69,0
DA:70,0
DA:71,0
DA:73,0
DA:74,0
DA:78,3
DA:79,0
DA:80,0
DA:81,0
DA:82,0
DA:84,0
DA:85,0
DA:89,3
DA:90,0
DA:91,0
DA:92,0
DA:94,0
DA:95,0
DA:96,0
DA:97,0
DA:99,0
DA:100,0
DA:104,3
DA:105,0
DA:106,0
DA:107,0
DA:108,0
DA:110,0
DA:111,0
LF:54
LH:13
BRDA:41,0,0,0
BRDA:41,0,1,0
BRDA:50,1,0,0
BRDA:65,2,0,0
BRDA:91,3,0,0
BRF:5
BRH:0
end_of_record
TN:
SF:src/services/assignmentService.ts
FN:29,assertCourseOwnership
FN:38,assertAssignmentOwnership
FN:61,createAssignment
FN:75,listAssignments
FN:93,getAssignment
FN:112,updateAssignment
FN:134,deleteAssignment
FN:148,validateWeightBudget
FN:157,(anonymous_8)
FNF:9
FNH:5
FNDA:5,assertCourseOwnership
FNDA:4,assertAssignmentOwnership
FNDA:5,createAssignment
FNDA:0,listAssignments
FNDA:0,getAssignment
FNDA:0,updateAssignment
FNDA:0,deleteAssignment
FNDA:5,validateWeightBudget
FNDA:4,(anonymous_8)
DA:2,3
DA:3,3
DA:30,5
DA:33,5
DA:34,5
DA:38,3
DA:42,4
DA:49,4
DA:50,4
DA:61,3
DA:65,5
DA:66,5
DA:68,5
DA:75,3
DA:76,0
DA:82,0
DA:93,3
DA:94,0
DA:102,0
DA:103,0
DA:112,3
DA:117,0
DA:119,0
DA:120,0
DA:123,0
DA:134,3
DA:135,0
DA:136,0
DA:153,5
DA:157,5
DA:158,5
DA:159,0
LF:32
LH:20
BRDA:33,0,0,0
BRDA:49,1,0,0
BRDA:79,2,0,0
BRDA:79,2,1,0
BRDA:102,3,0,0
BRDA:119,4,0,0
BRDA:119,5,0,0
BRDA:119,5,1,0
BRDA:154,6,0,0
BRDA:154,6,1,5
BRDA:158,7,0,0
BRF:11
BRH:1
end_of_record
TN:
SF:src/services/authService.ts
FN:9,signAccessToken
FN:17,signRefreshToken
FN:25,verifyAccessToken
FN:29,verifyRefreshToken
FN:37,register
FN:60,login
FN:82,refresh
FN:115,logout
FN:119,(anonymous_9)
FN:122,logoutAll
FN:128,storeRefreshToken
FNF:11
FNH:8
FNDA:11,signAccessToken
FNDA:11,signRefreshToken
FNDA:24,verifyAccessToken
FNDA:1,verifyRefreshToken
FNDA:7,register
FNDA:5,login
FNDA:1,refresh
FNDA:0,logout
FNDA:0,(anonymous_9)
FNDA:0,logoutAll
FNDA:11,storeRefreshToken
DA:1,3
DA:2,3
DA:3,3
DA:4,3
DA:9,3
DA:10,11
DA:17,3
DA:18,11
DA:25,3
DA:26,24
DA:29,3
DA:30,1
DA:37,3
DA:42,7
DA:43,7
DA:44,1
DA:47,6
DA:48,6
DA:52,6
DA:53,6
DA:55,6
DA:57,6
DA:60,3
DA:64,5
DA:65,5
DA:66,0
DA:69,5
DA:70,5
DA:71,1
DA:74,4
DA:75,4
DA:77,4
DA:79,4
DA:82,3
DA:87,1
DA:88,1
DA:90,0
DA:96,1
DA:99,1
DA:100,0
DA:106,1
DA:108,1
DA:109,1
DA:110,1
DA:112,1
DA:115,3
DA:117,0
DA:119,0
DA:122,3
DA:123,0
DA:132,11
DA:133,11
LF:52
LH:46
BRDA:43,0,0,1
BRDA:65,1,0,0
BRDA:65,2,0,5
BRDA:65,2,1,5
BRDA:70,3,0,1
BRDA:99,4,0,0
BRDA:99,5,0,1
BRDA:99,5,1,1
BRF:8
BRH:6
end_of_record
TN:
SF:src/services/courseService.ts
FN:26,assertSemesterOwnership
FN:35,assertCourseOwnership
FN:55,createCourse
FN:79,listCourses
FN:102,getCourse
FN:135,updateCourse
FN:166,deleteCourse
FNF:7
FNH:2
FNDA:2,assertSemesterOwnership
FNDA:0,assertCourseOwnership
FNDA:2,createCourse
FNDA:0,listCourses
FNDA:0,getCourse
FNDA:0,updateCourse
FNDA:0,deleteCourse
DA:1,3
DA:2,3
DA:27,2
DA:30,2
DA:31,2
DA:36,0
DA:43,0
DA:44,0
DA:55,3
DA:56,2
DA:58,2
DA:65,2
DA:66,0
DA:72,2
DA:79,3
DA:80,0
DA:102,3
DA:103,0
DA:125,0
DA:126,0
DA:135,3
DA:140,0
DA:142,0
DA:143,0
DA:151,0
DA:152,0
DA:159,0
DA:166,3
DA:167,0
DA:169,0
DA:170,0
LF:31
LH:14
BRDA:30,0,0,0
BRDA:43,1,0,0
BRDA:65,2,0,0
BRDA:84,3,0,0
BRDA:84,3,1,0
BRDA:125,4,0,0
BRDA:142,5,0,0
BRDA:142,6,0,0
BRDA:142,6,1,0
BRDA:151,7,0,0
BRF:10
BRH:0
end_of_record
TN:
SF:src/services/eventService.ts
FN:40,assertCourseOwnership
FN:48,assertEventOwnership
FN:56,validateDateRange
FN:70,createEvent
FN:92,listEvents
FN:121,getEvent
FN:138,updateEvent
FN:164,deleteEvent
FNF:8
FNH:0
FNDA:0,assertCourseOwnership
FNDA:0,assertEventOwnership
FNDA:0,validateDateRange
FNDA:0,createEvent
FNDA:0,listEvents
FNDA:0,getEvent
FNDA:0,updateEvent
FNDA:0,deleteEvent
DA:2,3
DA:3,3
DA:41,0
DA:44,0
DA:45,0
DA:49,0
DA:52,0
DA:53,0
DA:57,0
DA:58,0
DA:70,3
DA:71,0
DA:72,0
DA:74,0
DA:92,3
DA:96,0
DA:97,0
DA:98,0
DA:100,0
DA:108,0
DA:121,3
DA:122,0
DA:128,0
DA:129,0
DA:138,3
DA:143,0
DA:145,0
DA:146,0
DA:147,0
DA:149,0
DA:151,0
DA:164,3
DA:165,0
DA:166,0
LF:34
LH:7
BRDA:44,0,0,0
BRDA:52,1,0,0
BRDA:57,2,0,0
BRDA:72,3,0,0
BRDA:75,4,0,0
BRDA:75,4,1,0
BRDA:97,5,0,0
BRDA:98,6,0,0
BRDA:103,7,0,0
BRDA:103,7,1,0
BRDA:104,8,0,0
BRDA:104,8,1,0
BRDA:105,9,0,0
BRDA:105,9,1,0
BRDA:128,10,0,0
BRDA:145,11,0,0
BRDA:145,11,1,0
BRDA:146,12,0,0
BRDA:146,12,1,0
BRDA:149,13,0,0
BRF:20
BRH:0
end_of_record
TN:
SF:src/services/gradeService.ts
FN:23,assertGradeOwnership
FN:37,validateScoreAgainstMax
FN:57,createGrade
FN:86,listGrades
FN:108,updateGrade
FN:132,deleteGrade
FN:154,calculateCourseGpa
FN:174,(anonymous_7)
FNF:8
FNH:4
FNDA:0,assertGradeOwnership
FNDA:4,validateScoreAgainstMax
FNDA:4,createGrade
FNDA:0,listGrades
FNDA:0,updateGrade
FNDA:0,deleteGrade
FNDA:1,calculateCourseGpa
FNDA:2,(anonymous_7)
DA:1,3
DA:2,3
DA:3,3
DA:24,0
DA:33,0
DA:34,0
DA:38,4
DA:39,1
DA:44,3
DA:45,0
DA:57,3
DA:58,4
DA:59,4
DA:61,3
DA:64,3
DA:65,0
DA:72,3
DA:79,3
DA:86,3
DA:87,0
DA:108,3
DA:113,0
DA:115,0
DA:116,0
DA:117,0
DA:119,0
DA:132,3
DA:133,0
DA:135,0
DA:154,3
DA:159,1
DA:166,1
DA:168,1
DA:174,2
DA:176,1
DA:177,1
DA:178,1
DA:180,1
DA:181,2
DA:182,2
DA:184,2
DA:185,2
DA:187,2
DA:197,2
DA:198,2
DA:203,1
DA:207,1
LF:47
LH:34
BRDA:33,0,0,0
BRDA:38,1,0,1
BRDA:44,2,0,0
BRDA:64,3,0,0
BRDA:93,4,0,0
BRDA:93,4,1,0
BRDA:115,5,0,0
BRDA:115,5,1,0
BRDA:116,6,0,0
BRDA:116,6,1,0
BRDA:166,7,0,0
BRDA:181,8,0,2
BRDA:181,8,1,0
BRDA:182,9,0,0
BRDA:203,10,0,1
BRDA:203,10,1,0
BRF:16
BRH:3
end_of_record
TN:
SF:src/services/noteService.ts
FN:29,assertCourseOwnership
FN:37,assertNoteOwnership
FN:57,createNote
FN:71,listNotes
FN:106,getNote
FN:127,updateNote
FN:146,deleteNote
FNF:7
FNH:0
FNDA:0,assertCourseOwnership
FNDA:0,assertNoteOwnership
FNDA:0,createNote
FNDA:0,listNotes
FNDA:0,getNote
FNDA:0,updateNote
FNDA:0,deleteNote
DA:2,3
DA:3,3
DA:30,0
DA:33,0
DA:34,0
DA:38,0
DA:45,0
DA:46,0
DA:57,3
DA:58,0
DA:59,0
DA:71,3
DA:73,0
DA:92,0
DA:106,3
DA:107,0
DA:117,0
DA:118,0
DA:127,3
DA:132,0
DA:133,0
DA:146,3
DA:147,0
DA:148,0
LF:24
LH:7
BRDA:33,0,0,0
BRDA:45,1,0,0
BRDA:60,2,0,0
BRDA:60,2,1,0
BRDA:76,3,0,0
BRDA:76,3,1,0
BRDA:78,4,0,0
BRDA:78,4,1,0
BRDA:82,5,0,0
BRDA:82,5,1,0
BRDA:117,6,0,0
BRF:11
BRH:0
end_of_record
TN:
SF:src/services/searchService.ts
FN:6,searchAll
FNF:1
FNH:0
FNDA:0,searchAll
DA:1,3
DA:3,3
DA:4,3
DA:6,3
DA:7,0
DA:8,0
DA:11,0
DA:87,0
LF:8
LH:4
BRDA:7,0,0,0
BRF:1
BRH:0
end_of_record
TN:
SF:src/services/semesterService.ts
FN:20,assertOwnership
FN:36,createSemester
FN:59,listSemesters
FN:71,getSemester
FN:91,updateSemester
FN:120,deleteSemester
FNF:6
FNH:5
FNDA:2,assertOwnership
FNDA:6,createSemester
FNDA:4,listSemesters
FNDA:0,getSemester
FNDA:1,updateSemester
FNDA:1,deleteSemester
DA:1,3
DA:2,3
DA:21,2
DA:24,2
DA:25,2
DA:36,3
DA:40,6
DA:43,6
DA:44,0
DA:50,6
DA:59,3
DA:60,4
DA:71,3
DA:72,0
DA:81,0
DA:82,0
DA:91,3
DA:96,1
DA:98,1
DA:99,1
DA:102,1
DA:103,0
DA:110,1
DA:120,3
DA:121,1
DA:123,1
DA:125,1
LF:27
LH:22
BRDA:24,0,0,0
BRDA:43,1,0,0
BRDA:81,2,0,0
BRDA:98,3,0,1
BRDA:102,4,0,0
BRF:5
BRH:1
end_of_record
TN:
SF:src/services/taskService.ts
FN:39,assertTaskOwnership
FN:47,assertCourseOwnership
FN:54,assertAssignmentOwnership
FN:74,buildOrderBy
FN:104,createTask
FN:124,listTasks
FN:149,(anonymous_6)
FN:162,getTask
FN:180,updateTask
FN:204,deleteTask
FNF:10
FNH:0
FNDA:0,assertTaskOwnership
FNDA:0,assertCourseOwnership
FNDA:0,assertAssignmentOwnership
FNDA:0,buildOrderBy
FNDA:0,createTask
FNDA:0,listTasks
FNDA:0,(anonymous_6)
FNDA:0,getTask
FNDA:0,updateTask
FNDA:0,deleteTask
DA:2,3
DA:3,3
DA:40,0
DA:43,0
DA:44,0
DA:48,0
DA:51,0
DA:58,0
DA:65,0
DA:75,0
DA:78,0
DA:84,0
DA:86,0
DA:89,0
DA:94,3
DA:104,3
DA:105,0
DA:106,0
DA:108,0
DA:124,3
DA:125,0
DA:136,0
DA:138,0
DA:147,0
DA:148,0
DA:150,0
DA:155,0
DA:162,3
DA:163,0
DA:170,0
DA:171,0
DA:180,3
DA:185,0
DA:186,0
DA:187,0
DA:188,0
DA:190,0
DA:204,3
DA:205,0
DA:206,0
LF:40
LH:8
BRDA:43,0,0,0
BRDA:51,1,0,0
BRDA:65,2,0,0
BRDA:75,3,0,0
BRDA:75,3,1,0
BRDA:75,3,2,0
BRDA:75,3,3,0
BRDA:75,3,4,0
BRDA:105,4,0,0
BRDA:106,5,0,0
BRDA:128,6,0,0
BRDA:128,6,1,0
BRDA:129,7,0,0
BRDA:129,7,1,0
BRDA:130,8,0,0
BRDA:130,8,1,0
BRDA:133,9,0,0
BRDA:133,9,1,0
BRDA:136,10,0,0
BRDA:136,10,1,0
BRDA:147,11,0,0
BRDA:170,12,0,0
BRDA:186,13,0,0
BRDA:187,14,0,0
BRF:24
BRH:0
end_of_record
